<?xml version="1.0" encoding="UTF-8"?>
<testng-results skipped="0" failed="1" ignored="0" retried="1" total="3" passed="1">
  <reporter-output>
  </reporter-output>
  <suite name="Practice Suite" duration-ms="125803" started-at="2021-05-25T19:19:02 IST" finished-at="2021-05-25T19:21:07 IST">
    <groups>
    </groups>
    <test name="Test Frameworks" duration-ms="125803" started-at="2021-05-25T19:19:02 IST" finished-at="2021-05-25T19:21:07 IST">
      <class name="testSuites.SampleTest">
        <test-method status="PASS" signature="beforeTestMethod()[pri:0, instance:testSuites.SampleTest@1b7cc17c]" name="beforeTestMethod" is-config="true" duration-ms="125" started-at="2021-05-25T19:19:02 IST" finished-at="2021-05-25T19:19:02 IST">
          <reporter-output>
          </reporter-output>
        </test-method> <!-- beforeTestMethod -->
        <test-method status="PASS" signature="beforeMethodMethod(java.lang.String, java.lang.reflect.Method)[pri:0, instance:testSuites.SampleTest@1b7cc17c]" name="beforeMethodMethod" is-config="true" duration-ms="11152" started-at="2021-05-25T19:19:02 IST" finished-at="2021-05-25T19:19:13 IST">
          <params>
            <param index="0">
              <value>
                <![CDATA[chrome]]>
              </value>
            </param>
            <param index="1">
              <value>
                <![CDATA[public void testSuites.SampleTest.homePageTest()]]>
              </value>
            </param>
          </params>
          <reporter-output>
          </reporter-output>
        </test-method> <!-- beforeMethodMethod -->
        <test-method status="PASS" signature="homePageTest()[pri:0, instance:testSuites.SampleTest@1b7cc17c]" name="homePageTest" duration-ms="4293" started-at="2021-05-25T19:19:13 IST" finished-at="2021-05-25T19:19:17 IST">
          <reporter-output>
          </reporter-output>
        </test-method> <!-- homePageTest -->
        <test-method status="PASS" signature="afterMethodMethod(org.testng.ITestResult)[pri:0, instance:testSuites.SampleTest@1b7cc17c]" name="afterMethodMethod" is-config="true" duration-ms="1277" started-at="2021-05-25T19:19:17 IST" finished-at="2021-05-25T19:19:19 IST">
          <params>
            <param index="0">
              <value>
                <![CDATA[[TestResult name=homePageTest status=SUCCESS method=SampleTest.homePageTest()[pri:0, instance:testSuites.SampleTest@1b7cc17c] output={null}]]]>
              </value>
            </param>
          </params>
          <reporter-output>
          </reporter-output>
        </test-method> <!-- afterMethodMethod -->
        <test-method status="PASS" signature="beforeMethodMethod(java.lang.String, java.lang.reflect.Method)[pri:0, instance:testSuites.SampleTest@1b7cc17c]" name="beforeMethodMethod" is-config="true" duration-ms="7860" started-at="2021-05-25T19:19:19 IST" finished-at="2021-05-25T19:19:26 IST">
          <params>
            <param index="0">
              <value>
                <![CDATA[chrome]]>
              </value>
            </param>
            <param index="1">
              <value>
                <![CDATA[public void testSuites.SampleTest.hotelLocTest()]]>
              </value>
            </param>
          </params>
          <reporter-output>
          </reporter-output>
        </test-method> <!-- beforeMethodMethod -->
        <test-method status="SKIP" signature="hotelLocTest()[pri:1, instance:testSuites.SampleTest@1b7cc17c]" name="hotelLocTest" duration-ms="41729" retried="true" started-at="2021-05-25T19:19:26 IST" finished-at="2021-05-25T19:20:08 IST">
          <exception class="org.openqa.selenium.TimeoutException">
            <message>
              <![CDATA[Expected condition failed: waiting for element found by By.id: //input[@id='downshift-1-input'] to be selected (tried for 40 second(s) with 500 MILLISECONDS interval)]]>
            </message>
            <full-stacktrace>
              <![CDATA[org.openqa.selenium.TimeoutException: Expected condition failed: waiting for element found by By.id: //input[@id='downshift-1-input'] to be selected (tried for 40 second(s) with 500 MILLISECONDS interval)
at org.openqa.selenium.support.ui.WebDriverWait.timeoutException(WebDriverWait.java:82)
at org.openqa.selenium.support.ui.FluentWait.until(FluentWait.java:231)
at PageEvents.hotelLoc.selLocation(hotelLoc.java:23)
at testSuites.SampleTest.hotelLocTest(SampleTest.java:26)
at sun.reflect.NativeMethodAccessorImpl.invoke0(Native Method)
at sun.reflect.NativeMethodAccessorImpl.invoke(Unknown Source)
at sun.reflect.DelegatingMethodAccessorImpl.invoke(Unknown Source)
at java.lang.reflect.Method.invoke(Unknown Source)
at org.testng.internal.MethodInvocationHelper.invokeMethod(MethodInvocationHelper.java:132)
at org.testng.internal.TestInvoker.invokeMethod(TestInvoker.java:599)
at org.testng.internal.TestInvoker.invokeTestMethod(TestInvoker.java:174)
at org.testng.internal.MethodRunner.runInSequence(MethodRunner.java:46)
at org.testng.internal.TestInvoker$MethodInvocationAgent.invoke(TestInvoker.java:822)
at org.testng.internal.TestInvoker.invokeTestMethods(TestInvoker.java:147)
at org.testng.internal.TestMethodWorker.invokeTestMethods(TestMethodWorker.java:146)
at org.testng.internal.TestMethodWorker.run(TestMethodWorker.java:128)
at java.util.ArrayList.forEach(Unknown Source)
at org.testng.TestRunner.privateRun(TestRunner.java:764)
at org.testng.TestRunner.run(TestRunner.java:585)
at org.testng.SuiteRunner.runTest(SuiteRunner.java:384)
at org.testng.SuiteRunner.runSequentially(SuiteRunner.java:378)
at org.testng.SuiteRunner.privateRun(SuiteRunner.java:337)
at org.testng.SuiteRunner.run(SuiteRunner.java:286)
at org.testng.SuiteRunnerWorker.runSuite(SuiteRunnerWorker.java:53)
at org.testng.SuiteRunnerWorker.run(SuiteRunnerWorker.java:96)
at org.testng.TestNG.runSuitesSequentially(TestNG.java:1218)
at org.testng.TestNG.runSuitesLocally(TestNG.java:1140)
at org.testng.TestNG.runSuites(TestNG.java:1069)
at org.testng.TestNG.run(TestNG.java:1037)
at org.testng.remote.AbstractRemoteTestNG.run(AbstractRemoteTestNG.java:115)
at org.testng.remote.RemoteTestNG.initAndRun(RemoteTestNG.java:251)
at org.testng.remote.RemoteTestNG.main(RemoteTestNG.java:77)
Caused by: org.openqa.selenium.NoSuchElementException: Cannot locate an element using By.id: //input[@id='downshift-1-input']
For documentation on this error, please visit: http://seleniumhq.org/exceptions/no_such_element.html
Build info: version: '3.8.1', revision: '6e95a6684b', time: '2017-12-01T18:33:54.468Z'
System info: host: 'DESKTOP-Q69Q77V', ip: '192.168.225.222', os.name: 'Windows 10', os.arch: 'amd64', os.version: '10.0', java.version: '1.8.0_161'
Driver info: driver.version: unknown
at org.openqa.selenium.support.ui.ExpectedConditions.lambda$findElement$0(ExpectedConditions.java:882)
at java.util.Optional.orElseThrow(Unknown Source)
at org.openqa.selenium.support.ui.ExpectedConditions.findElement(ExpectedConditions.java:881)
at org.openqa.selenium.support.ui.ExpectedConditions.access$000(ExpectedConditions.java:43)
at org.openqa.selenium.support.ui.ExpectedConditions$27.apply(ExpectedConditions.java:788)
at org.openqa.selenium.support.ui.ExpectedConditions$27.apply(ExpectedConditions.java:784)
at org.openqa.selenium.support.ui.FluentWait.until(FluentWait.java:208)
... 30 more
]]>
            </full-stacktrace>
          </exception> <!-- org.openqa.selenium.TimeoutException -->
          <reporter-output>
          </reporter-output>
        </test-method> <!-- hotelLocTest -->
        <test-method status="PASS" signature="afterMethodMethod(org.testng.ITestResult)[pri:0, instance:testSuites.SampleTest@1b7cc17c]" name="afterMethodMethod" is-config="true" duration-ms="955" started-at="2021-05-25T19:20:08 IST" finished-at="2021-05-25T19:20:09 IST">
          <params>
            <param index="0">
              <value>
                <![CDATA[[TestResult name=hotelLocTest status=SKIP method=SampleTest.hotelLocTest()[pri:1, instance:testSuites.SampleTest@1b7cc17c] output={null}]]]>
              </value>
            </param>
          </params>
          <reporter-output>
          </reporter-output>
        </test-method> <!-- afterMethodMethod -->
        <test-method status="PASS" signature="beforeMethodMethod(java.lang.String, java.lang.reflect.Method)[pri:0, instance:testSuites.SampleTest@1b7cc17c]" name="beforeMethodMethod" is-config="true" duration-ms="15031" started-at="2021-05-25T19:20:09 IST" finished-at="2021-05-25T19:20:24 IST">
          <params>
            <param index="0">
              <value>
                <![CDATA[chrome]]>
              </value>
            </param>
            <param index="1">
              <value>
                <![CDATA[public void testSuites.SampleTest.hotelLocTest()]]>
              </value>
            </param>
          </params>
          <reporter-output>
          </reporter-output>
        </test-method> <!-- beforeMethodMethod -->
        <test-method status="FAIL" signature="hotelLocTest()[pri:1, instance:testSuites.SampleTest@1b7cc17c]" name="hotelLocTest" duration-ms="41727" started-at="2021-05-25T19:20:24 IST" finished-at="2021-05-25T19:21:06 IST">
          <exception class="org.openqa.selenium.TimeoutException">
            <message>
              <![CDATA[Expected condition failed: waiting for element found by By.id: //input[@id='downshift-1-input'] to be selected (tried for 40 second(s) with 500 MILLISECONDS interval)]]>
            </message>
            <full-stacktrace>
              <![CDATA[org.openqa.selenium.TimeoutException: Expected condition failed: waiting for element found by By.id: //input[@id='downshift-1-input'] to be selected (tried for 40 second(s) with 500 MILLISECONDS interval)
at org.openqa.selenium.support.ui.WebDriverWait.timeoutException(WebDriverWait.java:82)
at org.openqa.selenium.support.ui.FluentWait.until(FluentWait.java:231)
at PageEvents.hotelLoc.selLocation(hotelLoc.java:23)
at testSuites.SampleTest.hotelLocTest(SampleTest.java:26)
at sun.reflect.NativeMethodAccessorImpl.invoke0(Native Method)
at sun.reflect.NativeMethodAccessorImpl.invoke(Unknown Source)
at sun.reflect.DelegatingMethodAccessorImpl.invoke(Unknown Source)
at java.lang.reflect.Method.invoke(Unknown Source)
at org.testng.internal.MethodInvocationHelper.invokeMethod(MethodInvocationHelper.java:132)
at org.testng.internal.TestInvoker.invokeMethod(TestInvoker.java:599)
at org.testng.internal.TestInvoker.retryFailed(TestInvoker.java:214)
at org.testng.internal.MethodRunner.runInSequence(MethodRunner.java:58)
at org.testng.internal.TestInvoker$MethodInvocationAgent.invoke(TestInvoker.java:822)
at org.testng.internal.TestInvoker.invokeTestMethods(TestInvoker.java:147)
at org.testng.internal.TestMethodWorker.invokeTestMethods(TestMethodWorker.java:146)
at org.testng.internal.TestMethodWorker.run(TestMethodWorker.java:128)
at java.util.ArrayList.forEach(Unknown Source)
at org.testng.TestRunner.privateRun(TestRunner.java:764)
at org.testng.TestRunner.run(TestRunner.java:585)
at org.testng.SuiteRunner.runTest(SuiteRunner.java:384)
at org.testng.SuiteRunner.runSequentially(SuiteRunner.java:378)
at org.testng.SuiteRunner.privateRun(SuiteRunner.java:337)
at org.testng.SuiteRunner.run(SuiteRunner.java:286)
at org.testng.SuiteRunnerWorker.runSuite(SuiteRunnerWorker.java:53)
at org.testng.SuiteRunnerWorker.run(SuiteRunnerWorker.java:96)
at org.testng.TestNG.runSuitesSequentially(TestNG.java:1218)
at org.testng.TestNG.runSuitesLocally(TestNG.java:1140)
at org.testng.TestNG.runSuites(TestNG.java:1069)
at org.testng.TestNG.run(TestNG.java:1037)
at org.testng.remote.AbstractRemoteTestNG.run(AbstractRemoteTestNG.java:115)
at org.testng.remote.RemoteTestNG.initAndRun(RemoteTestNG.java:251)
at org.testng.remote.RemoteTestNG.main(RemoteTestNG.java:77)
Caused by: org.openqa.selenium.NoSuchElementException: Cannot locate an element using By.id: //input[@id='downshift-1-input']
For documentation on this error, please visit: http://seleniumhq.org/exceptions/no_such_element.html
Build info: version: '3.8.1', revision: '6e95a6684b', time: '2017-12-01T18:33:54.468Z'
System info: host: 'DESKTOP-Q69Q77V', ip: '192.168.225.222', os.name: 'Windows 10', os.arch: 'amd64', os.version: '10.0', java.version: '1.8.0_161'
Driver info: driver.version: unknown
at org.openqa.selenium.support.ui.ExpectedConditions.lambda$findElement$0(ExpectedConditions.java:882)
at java.util.Optional.orElseThrow(Unknown Source)
at org.openqa.selenium.support.ui.ExpectedConditions.findElement(ExpectedConditions.java:881)
at org.openqa.selenium.support.ui.ExpectedConditions.access$000(ExpectedConditions.java:43)
at org.openqa.selenium.support.ui.ExpectedConditions$27.apply(ExpectedConditions.java:788)
at org.openqa.selenium.support.ui.ExpectedConditions$27.apply(ExpectedConditions.java:784)
at org.openqa.selenium.support.ui.FluentWait.until(FluentWait.java:208)
... 30 more
]]>
            </full-stacktrace>
          </exception> <!-- org.openqa.selenium.TimeoutException -->
          <reporter-output>
          </reporter-output>
        </test-method> <!-- hotelLocTest -->
        <test-method status="PASS" signature="afterMethodMethod(org.testng.ITestResult)[pri:0, instance:testSuites.SampleTest@1b7cc17c]" name="afterMethodMethod" is-config="true" duration-ms="1077" started-at="2021-05-25T19:21:06 IST" finished-at="2021-05-25T19:21:07 IST">
          <params>
            <param index="0">
              <value>
                <![CDATA[[TestResult name=hotelLocTest status=FAILURE method=SampleTest.hotelLocTest()[pri:1, instance:testSuites.SampleTest@1b7cc17c] output={null}]]]>
              </value>
            </param>
          </params>
          <reporter-output>
          </reporter-output>
        </test-method> <!-- afterMethodMethod -->
        <test-method status="PASS" signature="afterTestMethod()[pri:0, instance:testSuites.SampleTest@1b7cc17c]" name="afterTestMethod" is-config="true" duration-ms="338" started-at="2021-05-25T19:21:07 IST" finished-at="2021-05-25T19:21:07 IST">
          <reporter-output>
          </reporter-output>
        </test-method> <!-- afterTestMethod -->
      </class> <!-- testSuites.SampleTest -->
    </test> <!-- Test Frameworks -->
  </suite> <!-- Practice Suite -->
</testng-results>
