<?xml version="1.0" encoding="UTF-8"?>
<!-- Generated by org.testng.reporters.JUnitXMLReporter -->
<testsuite hostname="DESKTOP-Q69Q77V" ignored="0" name="Test Frameworks" tests="3" failures="1" timestamp="2021-05-25T19:21:07 IST" time="125.803" errors="0">
  <testcase name="homePageTest" time="4.293" classname="testSuites.SampleTest"/>
  <testcase name="hotelLocTest" time="41.729" classname="testSuites.SampleTest">
    <skipped/>
  </testcase> <!-- hotelLocTest -->
  <testcase name="hotelLocTest" time="41.727" classname="testSuites.SampleTest">
    <failure type="org.openqa.selenium.TimeoutException" message="Expected condition failed: waiting for element found by By.id: //input[@id=&amp;apos;downshift-1-input&amp;apos;] to be selected (tried for 40 second(s) with 500 MILLISECONDS interval)">
      <![CDATA[org.openqa.selenium.TimeoutException: Expected condition failed: waiting for element found by By.id: //input[@id='downshift-1-input'] to be selected (tried for 40 second(s) with 500 MILLISECONDS interval)
at org.openqa.selenium.support.ui.WebDriverWait.timeoutException(WebDriverWait.java:82)
at org.openqa.selenium.support.ui.FluentWait.until(FluentWait.java:231)
at PageEvents.hotelLoc.selLocation(hotelLoc.java:23)
at testSuites.SampleTest.hotelLocTest(SampleTest.java:26)
at java.util.ArrayList.forEach(Unknown Source)
Caused by: org.openqa.selenium.NoSuchElementException: Cannot locate an element using By.id: //input[@id='downshift-1-input']
For documentation on this error, please visit: http://seleniumhq.org/exceptions/no_such_element.html
Build info: version: '3.8.1', revision: '6e95a6684b', time: '2017-12-01T18:33:54.468Z'
System info: host: 'DESKTOP-Q69Q77V', ip: '192.168.225.222', os.name: 'Windows 10', os.arch: 'amd64', os.version: '10.0', java.version: '1.8.0_161'
Driver info: driver.version: unknown
at org.openqa.selenium.support.ui.ExpectedConditions.lambda$findElement$0(ExpectedConditions.java:882)
at java.util.Optional.orElseThrow(Unknown Source)
at org.openqa.selenium.support.ui.ExpectedConditions.findElement(ExpectedConditions.java:881)
at org.openqa.selenium.support.ui.ExpectedConditions.access$000(ExpectedConditions.java:43)
at org.openqa.selenium.support.ui.ExpectedConditions$27.apply(ExpectedConditions.java:788)
at org.openqa.selenium.support.ui.ExpectedConditions$27.apply(ExpectedConditions.java:784)
at org.openqa.selenium.support.ui.FluentWait.until(FluentWait.java:208)
... 30 more
... Removed 27 stack frames]]>
    </failure>
  </testcase> <!-- hotelLocTest -->
</testsuite> <!-- Test Frameworks -->
